<?xml version="1.0" encoding="UTF-8"?>
<!-- Generated by org.testng.reporters.JUnitXMLReporter -->
<testsuite ignored="0" hostname="TORA-ADMIN" failures="0" tests="0" time="0.049" errors="0" timestamp="2021-11-03T13:13:17 IST">
  <testcase classname="testscripts.SignInTest" name="@BeforeTest signInTest" time="0.008">
    <failure type="java.lang.NullPointerException" message="Cannot invoke &amp;quot;BPCL.webpages.LoginPage.enterUname(String)&amp;quot; because &amp;quot;this.page&amp;quot; is null">
      <![CDATA[java.lang.NullPointerException: Cannot invoke "BPCL.webpages.LoginPage.enterUname(String)" because "this.page" is null
at testscripts.SignInTest.signInTest(SignInTest.java:29)
... Removed 24 stack frames]]>
    </failure>
  </testcase> <!-- @BeforeTest signInTest -->
</testsuite>
